Aligning contigs to reference...
	Aligning contigs to the reference
Filtering alignments...
Parsing coords...
Loading reference...
	Loaded [1]
	Total Regions: 1
	Total Region Length: 580076
Analyzing contigs...
CONTIG: infile_0_1_0_2033 (2033bp)
Best alignment score: 2028.9 (LEN: 2033, IDY: 99.80), Total number of alignments: 1
		One align captures most of this contig: 227479 229511 | 2033 1 | 2033 2033 | 99.8 | 1 infile_0_1_0_2033

CONTIG: infile_0_2_0_1996 (1996bp)
Best alignment score: 1898.2 (LEN: 1992, IDY: 95.29), Total number of alignments: 1
		One align captures most of this contig: 224060 226054 | 5 1996 | 1995 1992 | 95.29 | 1 infile_0_2_0_1996

CONTIG: infile_0_3_0_1595 (1595bp)
Best alignment score: 1357.0 (LEN: 1370, IDY: 99.05), Total number of alignments: 1
			Looking for the best set of alignments (out of 1 total alignments)
			The best set is below. Score: 1357.0, number of alignments: 1, unaligned bases: 225
		Alignment: 222527 223887 | 217 1586 | 1361 1370 | 99.05 | 1 infile_0_3_0_1595

CONTIG: infile_0_4_0_65649 (65649bp)
Best alignment score: 65635.9 (LEN: 65649, IDY: 99.98), Total number of alignments: 1
		One align captures most of this contig: 485999 551648 | 1 65649 | 65650 65649 | 99.98 | 1 infile_0_4_0_65649

CONTIG: infile_0_5_0_37652 (37652bp)
Best alignment score: 37606.9 (LEN: 37637, IDY: 99.92), Total number of alignments: 1
		One align captures most of this contig: 351704 389327 | 16 37652 | 37624 37637 | 99.92 | 1 infile_0_5_0_37652

CONTIG: infile_0_6_0_24697 (24697bp)
Best alignment score: 24687.1 (LEN: 24697, IDY: 99.96), Total number of alignments: 1
		One align captures most of this contig: 551646 576341 | 1 24697 | 24696 24697 | 99.96 | 1 infile_0_6_0_24697

CONTIG: infile_0_7_0_16565 (16565bp)
Best alignment score: 16561.7 (LEN: 16565, IDY: 99.98), Total number of alignments: 1
		One align captures most of this contig: 188975 205539 | 16565 1 | 16565 16565 | 99.98 | 1 infile_0_7_0_16565

CONTIG: infile_0_8_0_16105 (16105bp)
Best alignment score: 12375.5 (LEN: 12378, IDY: 99.98), Total number of alignments: 2
			Looking for the best set of alignments (out of 2 total alignments)
			The best set is below. Score: 16100.7, number of alignments: 2, unaligned bases: 0
		This contig is misassembled.
			Real Alignment 1: 1 12378 | 12378 1 | 12378 12378 | 99.98 | 1 infile_0_8_0_16105
			  Not a misassembly [linear representation of circular genome] between these two alignments
			Real Alignment 2: 576350 580076 | 16105 12379 | 3727 3727 | 99.95 | 1 infile_0_8_0_16105

CONTIG: infile_0_9_0_15128 (15128bp)
Best alignment score: 15102.4 (LEN: 15119, IDY: 99.89), Total number of alignments: 1
		One align captures most of this contig: 258357 273475 | 1 15119 | 15119 15119 | 99.89 | 1 infile_0_9_0_15128

CONTIG: infile_0_10_0_13770 (13770bp)
Best alignment score: 13680.5 (LEN: 13770, IDY: 99.35), Total number of alignments: 1
		One align captures most of this contig: 175237 189006 | 13770 1 | 13770 13770 | 99.35 | 1 infile_0_10_0_13770

CONTIG: infile_0_11_0_6914 (6914bp)
Best alignment score: 6914.0 (LEN: 6914, IDY: 100.00), Total number of alignments: 1
		One align captures most of this contig: 390733 397646 | 6914 1 | 6914 6914 | 100.0 | 1 infile_0_11_0_6914

CONTIG: infile_0_12_0_6771 (6771bp)
Best alignment score: 6636.1 (LEN: 6691, IDY: 99.18), Total number of alignments: 2
			Looking for the best set of alignments (out of 2 total alignments)
			Skipping redundant alignments after choosing the best set of alignments
		Skipping redundant alignment 87466 87675 | 22 231 | 210 210 | 95.31 | 1 infile_0_12_0_6771
			The best set is below. Score: 6636.1, number of alignments: 1, unaligned bases: 80
		Alignment: 215454 222138 | 81 6771 | 6685 6691 | 99.18 | 1 infile_0_12_0_6771

CONTIG: infile_0_13_0_8113 (8113bp)
Best alignment score: 8091.9 (LEN: 8113, IDY: 99.74), Total number of alignments: 1
		One align captures most of this contig: 205615 213727 | 8113 1 | 8113 8113 | 99.74 | 1 infile_0_13_0_8113

CONTIG: infile_0_14_0_5348 (5348bp)
Best alignment score: 5336.2 (LEN: 5348, IDY: 99.78), Total number of alignments: 1
		One align captures most of this contig: 169719 175065 | 5348 1 | 5347 5348 | 99.78 | 1 infile_0_14_0_5348

CONTIG: infile_0_15_0_48794 (48794bp)
Best alignment score: 48765.5 (LEN: 48785, IDY: 99.96), Total number of alignments: 1
		One align captures most of this contig: 36806 85593 | 48794 10 | 48788 48785 | 99.96 | 1 infile_0_15_0_48794

CONTIG: infile_0_16_0_39461 (39461bp)
Best alignment score: 39361.7 (LEN: 39405, IDY: 99.89), Total number of alignments: 3
		Skipping these alignments as insignificant (option --ambiguity-score is set to "0.99"):
			Skipping alignment 85550 85656 | 39344 39450 | 107 107 | 98.13 | 1 infile_0_16_0_39461
			Skipping alignment 229455 229534 | 39377 39456 | 80 80 | 97.5 | 1 infile_0_16_0_39461
		One align captures most of this contig: 273459 312868 | 1 39405 | 39410 39405 | 99.89 | 1 infile_0_16_0_39461

CONTIG: infile_0_17_0_54979 (54979bp)
Best alignment score: 54962.5 (LEN: 54979, IDY: 99.97), Total number of alignments: 1
		One align captures most of this contig: 430552 485532 | 54979 1 | 54981 54979 | 99.97 | 1 infile_0_17_0_54979

CONTIG: infile_0_18_0_34520 (34520bp)
Best alignment score: 34454.2 (LEN: 34506, IDY: 99.85), Total number of alignments: 1
		One align captures most of this contig: 314783 349282 | 15 34520 | 34500 34506 | 99.85 | 1 infile_0_18_0_34520

CONTIG: infile_0_19_0_79687 (79687bp)
Best alignment score: 79655.1 (LEN: 79687, IDY: 99.96), Total number of alignments: 1
		One align captures most of this contig: 87563 167246 | 79687 1 | 79684 79687 | 99.96 | 1 infile_0_19_0_79687

CONTIG: infile_0_20_0_30549 (30549bp)
Best alignment score: 30530.7 (LEN: 30549, IDY: 99.94), Total number of alignments: 1
		One align captures most of this contig: 397754 428314 | 30549 1 | 30561 30549 | 99.94 | 1 infile_0_20_0_30549

CONTIG: infile_0_21_0_27037 (27037bp)
Best alignment score: 26963.5 (LEN: 27023, IDY: 99.78), Total number of alignments: 1
		One align captures most of this contig: 231142 258170 | 15 27037 | 27029 27023 | 99.78 | 1 infile_0_21_0_27037

CONTIG: infile_0_22_0_23579 (23579bp)
Best alignment score: 23574.3 (LEN: 23579, IDY: 99.98), Total number of alignments: 1
		One align captures most of this contig: 13197 36775 | 1 23579 | 23579 23579 | 99.98 | 1 infile_0_22_0_23579

Analyzing coverage...
Writing SNPs into /home/zxy0303/project/anchr/g37/9_quast/contigs_reports/minimap_output/merge_mr_superreads.used_snps

Analysis is finished!
Founded SNPs were written into /home/zxy0303/project/anchr/g37/9_quast/contigs_reports/minimap_output/merge_mr_superreads.used_snps

Results:
	Local Misassemblies: 0
	Misassemblies: 0
		Relocations: 0
		Translocations: 0
		Inversions: 0
	Scaffold gap extensive misassemblies: 0
	Scaffold gap local misassemblies: 0
	Misassembled Contigs: 0
	Misassembled Contig Bases: 0
	Misassemblies Inter-Contig Overlap ("Extra" Aligned Bases): 0
Unaligned Contigs: 0 + 0 part
Half Unaligned Contigs with Misassemblies: 0
Unaligned Bases in Fully and Partially Unaligned Contigs: 0

Ambiguously Mapped Contigs: 0
Total Bases in Ambiguously Mapped Contigs: 0
"Extra" Aligned Bases in Ambiguously Mapped Contigs: 0
Note that --allow-ambiguity option was set to "one" and only first alignment per each of these contigs was used (there is no "extra" aligned bases).

	Covered Bases in Reference: 560457
	Raw Aligned Bases in Assembly: 560516
	Total Aligned Bases in Assembly (with "Extras"): 560516

	SNPs: 376
	Insertions: 123
	Deletions: 116

