Aligning contigs to reference...
	Aligning contigs to the reference
Filtering alignments...
Parsing coords...
Loading reference...
	Loaded [1]
	Total Regions: 1
	Total Region Length: 580076
Analyzing contigs...
CONTIG: infile_0_1_0_27065 (27065bp)
Best alignment score: 27005.5 (LEN: 27065, IDY: 99.78), Total number of alignments: 1
		One align captures most of this contig: 231142 258212 | 27065 1 | 27071 27065 | 99.78 | 1 infile_0_1_0_27065

CONTIG: infile_0_2_0_2138 (2138bp)
Best alignment score: 2046.1 (LEN: 2136, IDY: 95.79), Total number of alignments: 1
		One align captures most of this contig: 224010 226148 | 2136 1 | 2139 2136 | 95.79 | 1 infile_0_2_0_2138

CONTIG: infile_0_3_0_1631 (1631bp)
Best alignment score: 1357.0 (LEN: 1370, IDY: 99.05), Total number of alignments: 1
			Looking for the best set of alignments (out of 1 total alignments)
			The best set is below. Score: 1357.0, number of alignments: 1, unaligned bases: 261
		Alignment: 222527 223887 | 249 1618 | 1361 1370 | 99.05 | 1 infile_0_3_0_1631

CONTIG: infile_0_4_0_55025 (55025bp)
Best alignment score: 54971.5 (LEN: 54988, IDY: 99.97), Total number of alignments: 1
		One align captures most of this contig: 430533 485522 | 38 55025 | 54990 54988 | 99.97 | 1 infile_0_4_0_55025

CONTIG: infile_0_5_0_8235 (8235bp)
Best alignment score: 8206.8 (LEN: 8234, IDY: 99.67), Total number of alignments: 1
		One align captures most of this contig: 205569 213802 | 8235 2 | 8234 8234 | 99.67 | 1 infile_0_5_0_8235

CONTIG: infile_0_6_0_6902 (6902bp)
Best alignment score: 6902.0 (LEN: 6902, IDY: 100.00), Total number of alignments: 1
		One align captures most of this contig: 390705 397606 | 1 6902 | 6902 6902 | 100.0 | 1 infile_0_6_0_6902

CONTIG: infile_0_7_0_6828 (6828bp)
Best alignment score: 6686.0 (LEN: 6742, IDY: 99.17), Total number of alignments: 2
			Looking for the best set of alignments (out of 2 total alignments)
			Skipping redundant alignments after choosing the best set of alignments
		Skipping redundant alignment 87466 87675 | 6806 6597 | 210 210 | 95.31 | 1 infile_0_7_0_6828
			The best set is below. Score: 6686.0, number of alignments: 1, unaligned bases: 86
		Alignment: 215454 222189 | 6747 6 | 6736 6742 | 99.17 | 1 infile_0_7_0_6828

CONTIG: infile_0_8_0_5332 (5332bp)
Best alignment score: 5319.7 (LEN: 5332, IDY: 99.77), Total number of alignments: 1
		One align captures most of this contig: 169719 175049 | 5332 1 | 5331 5332 | 99.77 | 1 infile_0_8_0_5332

CONTIG: infile_0_9_0_2049 (2049bp)
Best alignment score: 2044.9 (LEN: 2049, IDY: 99.80), Total number of alignments: 1
		One align captures most of this contig: 227448 229496 | 2049 1 | 2049 2049 | 99.8 | 1 infile_0_9_0_2049

CONTIG: infile_0_10_0_79891 (79891bp)
Best alignment score: 79819.1 (LEN: 79883, IDY: 99.92), Total number of alignments: 1
		One align captures most of this contig: 87352 167234 | 9 79891 | 79883 79883 | 99.92 | 1 infile_0_10_0_79891

CONTIG: infile_0_11_0_179639 (179639bp)
Best alignment score: 94035.8 (LEN: 94064, IDY: 99.97), Total number of alignments: 2
			Looking for the best set of alignments (out of 2 total alignments)
			The best set is below. Score: 179585.1, number of alignments: 2, unaligned bases: 0
		This contig is misassembled.
			Real Alignment 1: 486013 580076 | 1 94064 | 94064 94064 | 99.97 | 1 infile_0_11_0_179639
			  Not a misassembly [linear representation of circular genome] between these two alignments
			Real Alignment 2: 1 85577 | 94065 179639 | 85577 85575 | 99.97 | 1 infile_0_11_0_179639

CONTIG: infile_0_12_0_39380 (39380bp)
Best alignment score: 39321.6 (LEN: 39361, IDY: 99.90), Total number of alignments: 2
		Skipping these alignments as insignificant (option --ambiguity-score is set to "0.99"):
			Skipping alignment 85550 85627 | 39303 39380 | 78 78 | 97.44 | 1 infile_0_12_0_39380
		One align captures most of this contig: 273503 312868 | 4 39364 | 39366 39361 | 99.9 | 1 infile_0_12_0_39380

CONTIG: infile_0_13_0_34511 (34511bp)
Best alignment score: 34426.3 (LEN: 34478, IDY: 99.85), Total number of alignments: 2
		Skipping these alignments as insignificant (option --ambiguity-score is set to "0.99"):
			Skipping alignment 169021 169136 | 1 116 | 116 116 | 99.14 | 1 infile_0_13_0_34511
		One align captures most of this contig: 314783 349254 | 34 34511 | 34472 34478 | 99.85 | 1 infile_0_13_0_34511

CONTIG: infile_0_14_0_30614 (30614bp)
Best alignment score: 30556.7 (LEN: 30575, IDY: 99.94), Total number of alignments: 1
		One align captures most of this contig: 397740 428326 | 30614 40 | 30587 30575 | 99.94 | 1 infile_0_14_0_30614

CONTIG: infile_0_15_0_30354 (30354bp)
Best alignment score: 30199.1 (LEN: 30293, IDY: 99.69), Total number of alignments: 1
		One align captures most of this contig: 175232 205524 | 30293 1 | 30293 30293 | 99.69 | 1 infile_0_15_0_30354

CONTIG: infile_0_16_0_37658 (37658bp)
Best alignment score: 37601.9 (LEN: 37632, IDY: 99.92), Total number of alignments: 2
		Skipping these alignments as insignificant (option --ambiguity-score is set to "0.99"):
			Skipping alignment 227361 227458 | 5 102 | 98 98 | 98.98 | 1 infile_0_16_0_37658
		One align captures most of this contig: 351704 389322 | 27 37658 | 37619 37632 | 99.92 | 1 infile_0_16_0_37658

CONTIG: infile_0_17_0_15079 (15079bp)
Best alignment score: 15062.4 (LEN: 15079, IDY: 99.89), Total number of alignments: 1
		One align captures most of this contig: 258352 273430 | 1 15079 | 15079 15079 | 99.89 | 1 infile_0_17_0_15079

Analyzing coverage...
Writing SNPs into /home/zxy0303/project/anchr/g37/9_quast/contigs_reports/minimap_output/merge_bcalm.used_snps

Analysis is finished!
Founded SNPs were written into /home/zxy0303/project/anchr/g37/9_quast/contigs_reports/minimap_output/merge_bcalm.used_snps

Results:
	Local Misassemblies: 0
	Misassemblies: 0
		Relocations: 0
		Translocations: 0
		Inversions: 0
	Scaffold gap extensive misassemblies: 0
	Scaffold gap local misassemblies: 0
	Misassembled Contigs: 0
	Misassembled Contig Bases: 0
	Misassemblies Inter-Contig Overlap ("Extra" Aligned Bases): 0
Unaligned Contigs: 0 + 0 part
Half Unaligned Contigs with Misassemblies: 0
Unaligned Bases in Fully and Partially Unaligned Contigs: 0

Ambiguously Mapped Contigs: 0
Total Bases in Ambiguously Mapped Contigs: 0
"Extra" Aligned Bases in Ambiguously Mapped Contigs: 0
Note that --allow-ambiguity option was set to "one" and only first alignment per each of these contigs was used (there is no "extra" aligned bases).

	Covered Bases in Reference: 561753
	Raw Aligned Bases in Assembly: 561758
	Total Aligned Bases in Assembly (with "Extras"): 561758

	SNPs: 409
	Insertions: 132
	Deletions: 127

