Aligning contigs to reference...
	Aligning contigs to the reference
Filtering alignments...
Parsing coords...
Loading reference...
	Loaded [1]
	Total Regions: 1
	Total Region Length: 580076
Analyzing contigs...
CONTIG: infile_0_1_0_1267 (1267bp)
		This contig is unaligned. (1267 bp)
		Unaligned bases: 1267 (number of Ns: 0)

CONTIG: infile_0_2_0_1137 (1137bp)
Best alignment score: 832.0 (LEN: 834, IDY: 99.76), Total number of alignments: 2
			Looking for the best set of alignments (out of 2 total alignments)
			The best set is below. Score: 1064.0, number of alignments: 2, unaligned bases: 65
		This contig is misassembled.
			Real Alignment 1: 86560 86798 | 1 238 | 239 238 | 97.49 | 1 infile_0_2_0_1137
			  Indel (> 5bp) between these two alignments: deletion of length 61; 0 mismatches (number of Ns: 0)
			Real Alignment 2: 86860 87693 | 239 1072 | 834 834 | 99.76 | 1 infile_0_2_0_1137

CONTIG: infile_0_3_0_1253 (1253bp)
Best alignment score: 1241.0 (LEN: 1253, IDY: 99.04), Total number of alignments: 1
		One align captures most of this contig: 213417 214669 | 1253 1 | 1253 1253 | 99.04 | 1 infile_0_3_0_1253

CONTIG: infile_0_4_0_38374 (38374bp)
Best alignment score: 38308.8 (LEN: 38374, IDY: 99.83), Total number of alignments: 1
		One align captures most of this contig: 351130 389481 | 1 38374 | 38352 38374 | 99.83 | 1 infile_0_4_0_38374

CONTIG: infile_0_5_0_220483 (220483bp)
Best alignment score: 180608.4 (LEN: 182765, IDY: 98.82), Total number of alignments: 2
			Looking for the best set of alignments (out of 2 total alignments)
			The best set is below. Score: 217434.7, number of alignments: 2, unaligned bases: 0
		This contig is misassembled.
			Excluding internal overlap of size 1179 between Alignment 1 and 2: 390421 429551 | 1 38897 | 39131 38897 --> 390421 428366 | 1 37718 | 37946 37718
			Real Alignment 1: 390421 428366 | 1 37718 | 37946 37718 | 98.96 | 1 infile_0_5_0_220483
			  Extensive misassembly (relocation, inconsistency = -259823) between these two alignments
			Real Alignment 2: 168544 351354 | 37719 220483 | 182811 182765 | 98.82 | 1 infile_0_5_0_220483

CONTIG: infile_0_6_0_319091 (319091bp)
Best alignment score: 167754.7 (LEN: 168327, IDY: 99.66), Total number of alignments: 2
			Looking for the best set of alignments (out of 2 total alignments)
			The best set is below. Score: 318307.6, number of alignments: 2, unaligned bases: 0
		This contig is misassembled.
			Real Alignment 1: 1 168341 | 168327 1 | 168341 168327 | 99.66 | 1 infile_0_6_0_319091
			  Not a misassembly [linear representation of circular genome] between these two alignments
			Real Alignment 2: 429314 580076 | 319091 168328 | 150763 150764 | 99.86 | 1 infile_0_6_0_319091

Analyzing coverage...
Writing SNPs into /home/zxy0303/project/anchr/g37/9_quast/contigs_reports/minimap_output/mr_megahit.used_snps

Analysis is finished!
Founded SNPs were written into /home/zxy0303/project/anchr/g37/9_quast/contigs_reports/minimap_output/mr_megahit.used_snps

Results:
	Local Misassemblies: 0
	Misassemblies: 1
		Relocations: 1
		Translocations: 0
		Inversions: 0
	Scaffold gap extensive misassemblies: 0
	Scaffold gap local misassemblies: 0
	Misassembled Contigs: 1
	Misassembled Contig Bases: 220483
	Misassemblies Inter-Contig Overlap ("Extra" Aligned Bases): 0
Unaligned Contigs: 1 + 0 part
Half Unaligned Contigs with Misassemblies: 0
Unaligned Bases in Fully and Partially Unaligned Contigs: 1267

Ambiguously Mapped Contigs: 0
Total Bases in Ambiguously Mapped Contigs: 0
"Extra" Aligned Bases in Ambiguously Mapped Contigs: 0
Note that --allow-ambiguity option was set to "one" and only first alignment per each of these contigs was used (there is no "extra" aligned bases).

	Covered Bases in Reference: 577988
	Raw Aligned Bases in Assembly: 580273
	Total Aligned Bases in Assembly (with "Extras"): 580273

	SNPs: 1692
	Insertions: 666
	Deletions: 993

